<?xml version='1.0' encoding='UTF-8'?>
<testsuite hostname="cosmin" name="TestRegression" tests="10" errors="0" failures="10" skipped="0" time="0.667" timestamp="2024-04-08T12:31:02">
          <properties>
[...]
</properties>
          <testcase classname="TestRegression" name="1" time="0.074">
                      <failure message="None.get" type="java.util.NoSuchElementException">java.util.NoSuchElementException: None.get
	at scala.None$.get(Option.scala:627)
	at scala.None$.get(Option.scala:626)
	at Regression$.regression(Regression.scala:42)
	at TestRegression.$init$$$anonfun$1(TestRegression.scala:25)
	at scala.runtime.java8.JFunction0$mcV$sp.apply(JFunction0$mcV$sp.scala:18)
</failure>
                    </testcase><testcase classname="TestRegression" name="2" time="0.01">
                      <failure message="None.get" type="java.util.NoSuchElementException">java.util.NoSuchElementException: None.get
	at scala.None$.get(Option.scala:627)
	at scala.None$.get(Option.scala:626)
	at Regression$.regression(Regression.scala:42)
	at TestRegression.$init$$$anonfun$2(TestRegression.scala:39)
	at scala.runtime.java8.JFunction0$mcV$sp.apply(JFunction0$mcV$sp.scala:18)
</failure>
                    </testcase><testcase classname="TestRegression" name="3" time="0.009">
                      <failure message="None.get" type="java.util.NoSuchElementException">java.util.NoSuchElementException: None.get
	at scala.None$.get(Option.scala:627)
	at scala.None$.get(Option.scala:626)
	at Regression$.regression(Regression.scala:42)
	at TestRegression.$init$$$anonfun$3(TestRegression.scala:53)
	at scala.runtime.java8.JFunction0$mcV$sp.apply(JFunction0$mcV$sp.scala:18)
</failure>
                    </testcase><testcase classname="TestRegression" name="4" time="0.038">
                      <failure message="None.get" type="java.util.NoSuchElementException">java.util.NoSuchElementException: None.get
	at scala.None$.get(Option.scala:627)
	at scala.None$.get(Option.scala:626)
	at Regression$.regression(Regression.scala:42)
	at TestRegression.$init$$$anonfun$4(TestRegression.scala:68)
	at scala.runtime.java8.JFunction0$mcV$sp.apply(JFunction0$mcV$sp.scala:18)
</failure>
                    </testcase><testcase classname="TestRegression" name="5" time="0.021">
                      <failure message="None.get" type="java.util.NoSuchElementException">java.util.NoSuchElementException: None.get
	at scala.None$.get(Option.scala:627)
	at scala.None$.get(Option.scala:626)
	at Regression$.regression(Regression.scala:42)
	at TestRegression.$init$$$anonfun$5(TestRegression.scala:83)
	at scala.runtime.java8.JFunction0$mcV$sp.apply(JFunction0$mcV$sp.scala:18)
</failure>
                    </testcase><testcase classname="TestRegression" name="6" time="0.002">
                      <failure message="None.get" type="java.util.NoSuchElementException">java.util.NoSuchElementException: None.get
	at scala.None$.get(Option.scala:627)
	at scala.None$.get(Option.scala:626)
	at Regression$.regression(Regression.scala:42)
	at TestRegression.$init$$$anonfun$6(TestRegression.scala:97)
	at scala.runtime.java8.JFunction0$mcV$sp.apply(JFunction0$mcV$sp.scala:18)
</failure>
                    </testcase><testcase classname="TestRegression" name="7" time="0.002">
                      <failure message="None.get" type="java.util.NoSuchElementException">java.util.NoSuchElementException: None.get
	at scala.None$.get(Option.scala:627)
	at scala.None$.get(Option.scala:626)
	at Regression$.regression(Regression.scala:42)
	at TestRegression.$init$$$anonfun$7(TestRegression.scala:111)
	at scala.runtime.java8.JFunction0$mcV$sp.apply(JFunction0$mcV$sp.scala:18)
</failure>
                    </testcase><testcase classname="TestRegression" name="8" time="0.002">
                      <failure message="None.get" type="java.util.NoSuchElementException">java.util.NoSuchElementException: None.get
	at scala.None$.get(Option.scala:627)
	at scala.None$.get(Option.scala:626)
	at Regression$.regression(Regression.scala:42)
	at TestRegression.$init$$$anonfun$8(TestRegression.scala:125)
	at scala.runtime.java8.JFunction0$mcV$sp.apply(JFunction0$mcV$sp.scala:18)
</failure>
                    </testcase><testcase classname="TestRegression" name="9" time="0.033">
                      <failure message="None.get" type="java.util.NoSuchElementException">java.util.NoSuchElementException: None.get
	at scala.None$.get(Option.scala:627)
	at scala.None$.get(Option.scala:626)
	at Regression$.regression(Regression.scala:42)
	at TestRegression.$init$$$anonfun$9(TestRegression.scala:140)
	at scala.runtime.java8.JFunction0$mcV$sp.apply(JFunction0$mcV$sp.scala:18)
</failure>
                    </testcase><testcase classname="TestRegression" name="10" time="0.476">
                      <failure message="None.get" type="java.util.NoSuchElementException">java.util.NoSuchElementException: None.get
	at scala.None$.get(Option.scala:627)
	at scala.None$.get(Option.scala:626)
	at Regression$.regression(Regression.scala:42)
	at TestRegression.$init$$$anonfun$10(TestRegression.scala:155)
	at scala.runtime.java8.JFunction0$mcV$sp.apply(JFunction0$mcV$sp.scala:18)
</failure>
                    </testcase>
          <system-out><![CDATA[]]></system-out>
          <system-err><![CDATA[]]></system-err>
        </testsuite>